2026-04-01 21:10:50.509150 - 📩 Webhook triggered
2026-04-01 21:10:50.512688 - ❌ Deployment failed: Command 'git diff --name-only HEAD~1 HEAD' returned non-zero exit status 127.
2026-04-01 21:24:44.804130 - 📩 Webhook triggered
2026-04-01 21:24:44.818595 - ❌ Deployment failed: Command 'git diff --name-only HEAD~1 HEAD' returned non-zero exit status 1.
2026-04-01 21:37:26.499085 - 📩 Webhook triggered
2026-04-01 21:37:26.509391 - 📝 Changed files:
No previous commit or git history not available
2026-04-01 21:37:26.529871 - ✅ Deployment successful
2026-04-01 21:57:49.822684 - 📩 Webhook triggered
2026-04-01 21:57:49.831939 - 📝 Changed files:
No previous commit or git history not available
2026-04-01 21:57:49.842699 - ✅ Deployment successful
2026-04-01 22:14:59.267848 - 📩 Webhook triggered
2026-04-01 22:14:59.277609 - 📝 Changed files:
No previous commit or git history not available
2026-04-01 22:14:59.293500 - ✅ Deployment successful
2026-04-01 22:26:09.530995 | 📩 Webhook triggered
2026-04-01 22:26:09.538813 | 📝 Changed files:
No previous commit or git history not available
2026-04-01 22:26:09.548916 | ✅ Deployment successful
2026-04-02 20:41:30.383022 | 📩 Webhook triggered
2026-04-02 20:41:30.395700 | 📝 Changed files:
No previous commit or git history not available
2026-04-02 20:41:30.404777 | ✅ Deployment successful
